#-----------------------------------------------------------
# Vivado v2020.1 (64-bit)
# SW Build 2902540 on Wed May 27 19:54:49 MDT 2020
# IP Build 2902112 on Wed May 27 22:43:36 MDT 2020
# Start of session at: Fri Mar 12 13:27:15 2021
# Process ID: 8628
# Current directory: C:/My_Designs/UPIR/design/src/synthesis
# Command line: vivado.exe -mode tcl -source ../synthesis_8_32_2.tcl
# Log file: C:/My_Designs/UPIR/design/src/synthesis/vivado.log
# Journal file: C:/My_Designs/UPIR/design/src/synthesis\vivado.jou
#-----------------------------------------------------------
source ../synthesis_8_32_2.tcl
# read_vhdl -vhdl2008 ../fifo.vhd
# read_vhdl -vhdl2008 ../fork.vhd
# read_vhdl -vhdl2008 ../selector.vhd
# read_vhdl -vhdl2008 ../switch.vhd
# read_vhdl -vhdl2008 ../genericMultistageInterconnectionNetwork.vhd
# read_xdc ../basys3_constraints.xdc
# synth_design -top genericMultistageInterconnectionNetwork -generic M=8 -generic messageW=32 -generic N=2 -part xc7a35tcpg236-1 -assert 
Command: synth_design -top genericMultistageInterconnectionNetwork -generic M=8 -generic messageW=32 -generic N=2 -part xc7a35tcpg236-1 -assert
Starting synth_design
Attempting to get a license for feature 'Synthesis' and/or device 'xc7a35t'
INFO: [Common 17-349] Got license for feature 'Synthesis' and/or device 'xc7a35t'
INFO: [Device 21-403] Loading part xc7a35tcpg236-1
INFO: [Synth 8-7079] Multithreading enabled for synth_design using a maximum of 2 processes.
INFO: [Synth 8-7078] Launching helper process for spawning children vivado processes
INFO: [Synth 8-7075] Helper process launched with PID 17032
---------------------------------------------------------------------------------
Starting RTL Elaboration : Time (s): cpu = 00:00:08 ; elapsed = 00:00:09 . Memory (MB): peak = 1016.320 ; gain = 0.000
---------------------------------------------------------------------------------
INFO: [Synth 8-638] synthesizing module 'genericMultistageInterconnectionNetwork' [C:/My_Designs/UPIR/design/src/genericMultistageInterconnectionNetwork.vhd:31]
	Parameter M bound to: 8 - type: integer 
	Parameter messageW bound to: 32 - type: integer 
	Parameter N bound to: 2 - type: integer 
INFO: [Synth 8-638] synthesizing module 'switch' [C:/My_Designs/UPIR/design/src/switch.vhd:60]
	Parameter dest_code_W bound to: 8 - type: integer 
	Parameter message_W bound to: 32 - type: integer 
	Parameter input_W bound to: 40 - type: integer 
	Parameter N bound to: 2 - type: integer 
INFO: [Synth 8-638] synthesizing module '\fork ' [C:/My_Designs/UPIR/design/src/fork.vhd:52]
	Parameter message_W bound to: 32 - type: integer 
	Parameter dest_code_W bound to: 8 - type: integer 
INFO: [Synth 8-256] done synthesizing module '\fork ' (1#1) [C:/My_Designs/UPIR/design/src/fork.vhd:52]
INFO: [Synth 8-638] synthesizing module 'fifo' [C:/My_Designs/UPIR/design/src/fifo.vhd:25]
	Parameter N bound to: 2 - type: integer 
	Parameter W bound to: 36 - type: integer 
INFO: [Synth 8-256] done synthesizing module 'fifo' (2#1) [C:/My_Designs/UPIR/design/src/fifo.vhd:25]
INFO: [Synth 8-638] synthesizing module 'selector' [C:/My_Designs/UPIR/design/src/selector.vhd:67]
	Parameter dest_code_width bound to: 4 - type: integer 
	Parameter message_width bound to: 32 - type: integer 
	Parameter width_in bound to: 36 - type: integer 
INFO: [Synth 8-256] done synthesizing module 'selector' (3#1) [C:/My_Designs/UPIR/design/src/selector.vhd:67]
INFO: [Synth 8-256] done synthesizing module 'switch' (4#1) [C:/My_Designs/UPIR/design/src/switch.vhd:60]
INFO: [Synth 8-638] synthesizing module 'switch__parameterized0' [C:/My_Designs/UPIR/design/src/switch.vhd:60]
	Parameter dest_code_W bound to: 4 - type: integer 
	Parameter message_W bound to: 32 - type: integer 
	Parameter input_W bound to: 36 - type: integer 
	Parameter N bound to: 2 - type: integer 
INFO: [Synth 8-638] synthesizing module 'fork__parameterized0' [C:/My_Designs/UPIR/design/src/fork.vhd:52]
	Parameter message_W bound to: 32 - type: integer 
	Parameter dest_code_W bound to: 4 - type: integer 
INFO: [Synth 8-256] done synthesizing module 'fork__parameterized0' (4#1) [C:/My_Designs/UPIR/design/src/fork.vhd:52]
INFO: [Synth 8-638] synthesizing module 'fifo__parameterized0' [C:/My_Designs/UPIR/design/src/fifo.vhd:25]
	Parameter N bound to: 2 - type: integer 
	Parameter W bound to: 34 - type: integer 
INFO: [Synth 8-256] done synthesizing module 'fifo__parameterized0' (4#1) [C:/My_Designs/UPIR/design/src/fifo.vhd:25]
INFO: [Synth 8-638] synthesizing module 'selector__parameterized0' [C:/My_Designs/UPIR/design/src/selector.vhd:67]
	Parameter dest_code_width bound to: 2 - type: integer 
	Parameter message_width bound to: 32 - type: integer 
	Parameter width_in bound to: 34 - type: integer 
INFO: [Synth 8-256] done synthesizing module 'selector__parameterized0' (4#1) [C:/My_Designs/UPIR/design/src/selector.vhd:67]
INFO: [Synth 8-256] done synthesizing module 'switch__parameterized0' (4#1) [C:/My_Designs/UPIR/design/src/switch.vhd:60]
INFO: [Synth 8-638] synthesizing module 'switch__parameterized1' [C:/My_Designs/UPIR/design/src/switch.vhd:60]
	Parameter dest_code_W bound to: 2 - type: integer 
	Parameter message_W bound to: 32 - type: integer 
	Parameter input_W bound to: 34 - type: integer 
	Parameter N bound to: 2 - type: integer 
INFO: [Synth 8-638] synthesizing module 'fork__parameterized1' [C:/My_Designs/UPIR/design/src/fork.vhd:52]
	Parameter message_W bound to: 32 - type: integer 
	Parameter dest_code_W bound to: 2 - type: integer 
INFO: [Synth 8-256] done synthesizing module 'fork__parameterized1' (4#1) [C:/My_Designs/UPIR/design/src/fork.vhd:52]
INFO: [Synth 8-638] synthesizing module 'fifo__parameterized1' [C:/My_Designs/UPIR/design/src/fifo.vhd:25]
	Parameter N bound to: 2 - type: integer 
	Parameter W bound to: 33 - type: integer 
INFO: [Synth 8-256] done synthesizing module 'fifo__parameterized1' (4#1) [C:/My_Designs/UPIR/design/src/fifo.vhd:25]
INFO: [Synth 8-638] synthesizing module 'selector__parameterized1' [C:/My_Designs/UPIR/design/src/selector.vhd:67]
	Parameter dest_code_width bound to: 1 - type: integer 
	Parameter message_width bound to: 32 - type: integer 
	Parameter width_in bound to: 33 - type: integer 
INFO: [Synth 8-256] done synthesizing module 'selector__parameterized1' (4#1) [C:/My_Designs/UPIR/design/src/selector.vhd:67]
INFO: [Synth 8-256] done synthesizing module 'switch__parameterized1' (4#1) [C:/My_Designs/UPIR/design/src/switch.vhd:60]
INFO: [Synth 8-256] done synthesizing module 'genericMultistageInterconnectionNetwork' (5#1) [C:/My_Designs/UPIR/design/src/genericMultistageInterconnectionNetwork.vhd:31]
---------------------------------------------------------------------------------
Finished RTL Elaboration : Time (s): cpu = 00:00:10 ; elapsed = 00:00:11 . Memory (MB): peak = 1016.320 ; gain = 0.000
---------------------------------------------------------------------------------
---------------------------------------------------------------------------------
Start Handling Custom Attributes
---------------------------------------------------------------------------------
---------------------------------------------------------------------------------
Finished Handling Custom Attributes : Time (s): cpu = 00:00:11 ; elapsed = 00:00:13 . Memory (MB): peak = 1016.320 ; gain = 0.000
---------------------------------------------------------------------------------
---------------------------------------------------------------------------------
Finished RTL Optimization Phase 1 : Time (s): cpu = 00:00:11 ; elapsed = 00:00:13 . Memory (MB): peak = 1016.320 ; gain = 0.000
---------------------------------------------------------------------------------
Netlist sorting complete. Time (s): cpu = 00:00:00 ; elapsed = 00:00:00.233 . Memory (MB): peak = 1016.320 ; gain = 0.000
INFO: [Project 1-570] Preparing netlist for logic optimization

Processing XDC Constraints
Initializing timing engine
Parsing XDC File [C:/My_Designs/UPIR/design/src/basys3_constraints.xdc]
Finished Parsing XDC File [C:/My_Designs/UPIR/design/src/basys3_constraints.xdc]
INFO: [Project 1-236] Implementation specific constraints were found while reading constraint file [C:/My_Designs/UPIR/design/src/basys3_constraints.xdc]. These constraints will be ignored for synthesis but will be used in implementation. Impacted constraints are listed in the file [.Xil/genericMultistageInterconnectionNetwork_propImpl.xdc].
Resolution: To avoid this warning, move constraints listed in [.Xil/genericMultistageInterconnectionNetwork_propImpl.xdc] to another XDC file and exclude this new file from synthesis with the used_in_synthesis property (File Properties dialog in GUI) and re-run elaboration/synthesis.
Completed Processing XDC Constraints

Netlist sorting complete. Time (s): cpu = 00:00:00 ; elapsed = 00:00:00.002 . Memory (MB): peak = 1045.758 ; gain = 0.000
INFO: [Project 1-111] Unisim Transformation Summary:
No Unisim elements were transformed.

Constraint Validation Runtime : Time (s): cpu = 00:00:00 ; elapsed = 00:00:00.052 . Memory (MB): peak = 1045.758 ; gain = 0.000
---------------------------------------------------------------------------------
Finished Constraint Validation : Time (s): cpu = 00:00:24 ; elapsed = 00:07:27 . Memory (MB): peak = 1045.758 ; gain = 29.438
---------------------------------------------------------------------------------
---------------------------------------------------------------------------------
Start Loading Part and Timing Information
---------------------------------------------------------------------------------
Loading part: xc7a35tcpg236-1
---------------------------------------------------------------------------------
Finished Loading Part and Timing Information : Time (s): cpu = 00:00:24 ; elapsed = 00:07:27 . Memory (MB): peak = 1045.758 ; gain = 29.438
---------------------------------------------------------------------------------
---------------------------------------------------------------------------------
Start Applying 'set_property' XDC Constraints
---------------------------------------------------------------------------------
---------------------------------------------------------------------------------
Finished applying 'set_property' XDC Constraints : Time (s): cpu = 00:00:24 ; elapsed = 00:07:27 . Memory (MB): peak = 1045.758 ; gain = 29.438
---------------------------------------------------------------------------------
---------------------------------------------------------------------------------
Finished RTL Optimization Phase 2 : Time (s): cpu = 00:00:25 ; elapsed = 00:07:28 . Memory (MB): peak = 1045.758 ; gain = 29.438
---------------------------------------------------------------------------------
---------------------------------------------------------------------------------
Start RTL Component Statistics 
---------------------------------------------------------------------------------
Detailed RTL Component Info : 
+---Adders : 
	   2 Input    2 Bit       Adders := 96    
+---Registers : 
	               36 Bit    Registers := 16    
	               34 Bit    Registers := 16    
	               33 Bit    Registers := 16    
	                2 Bit    Registers := 48    
	                1 Bit    Registers := 96    
+---RAMs : 
	               72 Bit	(2 X 36 bit)          RAMs := 16    
	               68 Bit	(2 X 34 bit)          RAMs := 16    
	               66 Bit	(2 X 33 bit)          RAMs := 16    
+---Muxes : 
	   2 Input   32 Bit        Muxes := 24    
	   3 Input   32 Bit        Muxes := 24    
	   2 Input    4 Bit        Muxes := 8     
	   3 Input    4 Bit        Muxes := 8     
	   2 Input    2 Bit        Muxes := 56    
	   3 Input    2 Bit        Muxes := 8     
	   2 Input    1 Bit        Muxes := 152   
	   3 Input    1 Bit        Muxes := 8     
---------------------------------------------------------------------------------
Finished RTL Component Statistics 
---------------------------------------------------------------------------------
---------------------------------------------------------------------------------
Start Part Resource Summary
---------------------------------------------------------------------------------
Part Resources:
DSPs: 90 (col length:60)
BRAMs: 100 (col length: RAMB18 60 RAMB36 30)
---------------------------------------------------------------------------------
Finished Part Resource Summary
---------------------------------------------------------------------------------
---------------------------------------------------------------------------------
Start Cross Boundary and Area Optimization
---------------------------------------------------------------------------------
---------------------------------------------------------------------------------
Finished Cross Boundary and Area Optimization : Time (s): cpu = 00:00:38 ; elapsed = 00:07:42 . Memory (MB): peak = 1045.758 ; gain = 29.438
---------------------------------------------------------------------------------
---------------------------------------------------------------------------------
Start ROM, RAM, DSP and Shift Register Reporting
---------------------------------------------------------------------------------

Distributed RAM: Preliminary Mapping	Report (see note below)
+----------------------------------------+----------------------------------------------------------------------------------+-----------+----------------------+-------------+
|Module Name                             | RTL Object                                                                       | Inference | Size (Depth x Width) | Primitives  | 
+----------------------------------------+----------------------------------------------------------------------------------+-----------+----------------------+-------------+
|genericMultistageInterconnectionNetwork | Stage_gen[0].Block_gen[0].Switch_gen[0].Switch_top.st/fifo_upper_0/memory_reg    | Implied   | 2 x 36               | RAM32M x 6	 | 
|genericMultistageInterconnectionNetwork | Stage_gen[0].Block_gen[0].Switch_gen[0].Switch_top.st/fifo_upper_1/memory_reg    | Implied   | 2 x 36               | RAM32M x 6	 | 
|genericMultistageInterconnectionNetwork | Stage_gen[0].Block_gen[0].Switch_gen[0].Switch_top.st/fifo_lower_0/memory_reg    | Implied   | 2 x 36               | RAM32M x 6	 | 
|genericMultistageInterconnectionNetwork | Stage_gen[0].Block_gen[0].Switch_gen[0].Switch_top.st/fifo_lower_1/memory_reg    | Implied   | 2 x 36               | RAM32M x 6	 | 
|genericMultistageInterconnectionNetwork | Stage_gen[0].Block_gen[0].Switch_gen[1].Switch_top.st/fifo_upper_0/memory_reg    | Implied   | 2 x 36               | RAM32M x 6	 | 
|genericMultistageInterconnectionNetwork | Stage_gen[0].Block_gen[0].Switch_gen[1].Switch_top.st/fifo_upper_1/memory_reg    | Implied   | 2 x 36               | RAM32M x 6	 | 
|genericMultistageInterconnectionNetwork | Stage_gen[0].Block_gen[0].Switch_gen[1].Switch_top.st/fifo_lower_0/memory_reg    | Implied   | 2 x 36               | RAM32M x 6	 | 
|genericMultistageInterconnectionNetwork | Stage_gen[0].Block_gen[0].Switch_gen[1].Switch_top.st/fifo_lower_1/memory_reg    | Implied   | 2 x 36               | RAM32M x 6	 | 
|genericMultistageInterconnectionNetwork | Stage_gen[0].Block_gen[0].Switch_gen[2].Switch_bottom.sb/fifo_upper_0/memory_reg | Implied   | 2 x 36               | RAM32M x 6	 | 
|genericMultistageInterconnectionNetwork | Stage_gen[0].Block_gen[0].Switch_gen[2].Switch_bottom.sb/fifo_upper_1/memory_reg | Implied   | 2 x 36               | RAM32M x 6	 | 
|genericMultistageInterconnectionNetwork | Stage_gen[0].Block_gen[0].Switch_gen[2].Switch_bottom.sb/fifo_lower_0/memory_reg | Implied   | 2 x 36               | RAM32M x 6	 | 
|genericMultistageInterconnectionNetwork | Stage_gen[0].Block_gen[0].Switch_gen[2].Switch_bottom.sb/fifo_lower_1/memory_reg | Implied   | 2 x 36               | RAM32M x 6	 | 
|genericMultistageInterconnectionNetwork | Stage_gen[0].Block_gen[0].Switch_gen[3].Switch_bottom.sb/fifo_upper_0/memory_reg | Implied   | 2 x 36               | RAM32M x 6	 | 
|genericMultistageInterconnectionNetwork | Stage_gen[0].Block_gen[0].Switch_gen[3].Switch_bottom.sb/fifo_upper_1/memory_reg | Implied   | 2 x 36               | RAM32M x 6	 | 
|genericMultistageInterconnectionNetwork | Stage_gen[0].Block_gen[0].Switch_gen[3].Switch_bottom.sb/fifo_lower_0/memory_reg | Implied   | 2 x 36               | RAM32M x 6	 | 
|genericMultistageInterconnectionNetwork | Stage_gen[0].Block_gen[0].Switch_gen[3].Switch_bottom.sb/fifo_lower_1/memory_reg | Implied   | 2 x 36               | RAM32M x 6	 | 
|genericMultistageInterconnectionNetwork | Stage_gen[1].Block_gen[0].Switch_gen[0].Switch_top.st/fifo_upper_0/memory_reg    | Implied   | 2 x 34               | RAM32M x 6	 | 
|genericMultistageInterconnectionNetwork | Stage_gen[1].Block_gen[0].Switch_gen[0].Switch_top.st/fifo_upper_1/memory_reg    | Implied   | 2 x 34               | RAM32M x 6	 | 
|genericMultistageInterconnectionNetwork | Stage_gen[1].Block_gen[0].Switch_gen[0].Switch_top.st/fifo_lower_0/memory_reg    | Implied   | 2 x 34               | RAM32M x 6	 | 
|genericMultistageInterconnectionNetwork | Stage_gen[1].Block_gen[0].Switch_gen[0].Switch_top.st/fifo_lower_1/memory_reg    | Implied   | 2 x 34               | RAM32M x 6	 | 
|genericMultistageInterconnectionNetwork | Stage_gen[1].Block_gen[0].Switch_gen[1].Switch_bottom.sb/fifo_upper_0/memory_reg | Implied   | 2 x 34               | RAM32M x 6	 | 
|genericMultistageInterconnectionNetwork | Stage_gen[1].Block_gen[0].Switch_gen[1].Switch_bottom.sb/fifo_upper_1/memory_reg | Implied   | 2 x 34               | RAM32M x 6	 | 
|genericMultistageInterconnectionNetwork | Stage_gen[1].Block_gen[0].Switch_gen[1].Switch_bottom.sb/fifo_lower_0/memory_reg | Implied   | 2 x 34               | RAM32M x 6	 | 
|genericMultistageInterconnectionNetwork | Stage_gen[1].Block_gen[0].Switch_gen[1].Switch_bottom.sb/fifo_lower_1/memory_reg | Implied   | 2 x 34               | RAM32M x 6	 | 
|genericMultistageInterconnectionNetwork | Stage_gen[1].Block_gen[1].Switch_gen[0].Switch_top.st/fifo_upper_0/memory_reg    | Implied   | 2 x 34               | RAM32M x 6	 | 
|genericMultistageInterconnectionNetwork | Stage_gen[1].Block_gen[1].Switch_gen[0].Switch_top.st/fifo_upper_1/memory_reg    | Implied   | 2 x 34               | RAM32M x 6	 | 
|genericMultistageInterconnectionNetwork | Stage_gen[1].Block_gen[1].Switch_gen[0].Switch_top.st/fifo_lower_0/memory_reg    | Implied   | 2 x 34               | RAM32M x 6	 | 
|genericMultistageInterconnectionNetwork | Stage_gen[1].Block_gen[1].Switch_gen[0].Switch_top.st/fifo_lower_1/memory_reg    | Implied   | 2 x 34               | RAM32M x 6	 | 
|genericMultistageInterconnectionNetwork | Stage_gen[1].Block_gen[1].Switch_gen[1].Switch_bottom.sb/fifo_upper_0/memory_reg | Implied   | 2 x 34               | RAM32M x 6	 | 
|genericMultistageInterconnectionNetwork | Stage_gen[1].Block_gen[1].Switch_gen[1].Switch_bottom.sb/fifo_upper_1/memory_reg | Implied   | 2 x 34               | RAM32M x 6	 | 
|genericMultistageInterconnectionNetwork | Stage_gen[1].Block_gen[1].Switch_gen[1].Switch_bottom.sb/fifo_lower_0/memory_reg | Implied   | 2 x 34               | RAM32M x 6	 | 
|genericMultistageInterconnectionNetwork | Stage_gen[1].Block_gen[1].Switch_gen[1].Switch_bottom.sb/fifo_lower_1/memory_reg | Implied   | 2 x 34               | RAM32M x 6	 | 
|genericMultistageInterconnectionNetwork | Stage_gen[2].Block_gen[0].Switch_gen[0].Switch_top.st/fifo_upper_0/memory_reg    | Implied   | 2 x 33               | RAM32M x 6	 | 
|genericMultistageInterconnectionNetwork | Stage_gen[2].Block_gen[0].Switch_gen[0].Switch_top.st/fifo_upper_1/memory_reg    | Implied   | 2 x 33               | RAM32M x 6	 | 
|genericMultistageInterconnectionNetwork | Stage_gen[2].Block_gen[0].Switch_gen[0].Switch_top.st/fifo_lower_0/memory_reg    | Implied   | 2 x 33               | RAM32M x 6	 | 
|genericMultistageInterconnectionNetwork | Stage_gen[2].Block_gen[0].Switch_gen[0].Switch_top.st/fifo_lower_1/memory_reg    | Implied   | 2 x 33               | RAM32M x 6	 | 
|genericMultistageInterconnectionNetwork | Stage_gen[2].Block_gen[1].Switch_gen[0].Switch_top.st/fifo_upper_0/memory_reg    | Implied   | 2 x 33               | RAM32M x 6	 | 
|genericMultistageInterconnectionNetwork | Stage_gen[2].Block_gen[1].Switch_gen[0].Switch_top.st/fifo_upper_1/memory_reg    | Implied   | 2 x 33               | RAM32M x 6	 | 
|genericMultistageInterconnectionNetwork | Stage_gen[2].Block_gen[1].Switch_gen[0].Switch_top.st/fifo_lower_0/memory_reg    | Implied   | 2 x 33               | RAM32M x 6	 | 
|genericMultistageInterconnectionNetwork | Stage_gen[2].Block_gen[1].Switch_gen[0].Switch_top.st/fifo_lower_1/memory_reg    | Implied   | 2 x 33               | RAM32M x 6	 | 
|genericMultistageInterconnectionNetwork | Stage_gen[2].Block_gen[2].Switch_gen[0].Switch_top.st/fifo_upper_0/memory_reg    | Implied   | 2 x 33               | RAM32M x 6	 | 
|genericMultistageInterconnectionNetwork | Stage_gen[2].Block_gen[2].Switch_gen[0].Switch_top.st/fifo_upper_1/memory_reg    | Implied   | 2 x 33               | RAM32M x 6	 | 
|genericMultistageInterconnectionNetwork | Stage_gen[2].Block_gen[2].Switch_gen[0].Switch_top.st/fifo_lower_0/memory_reg    | Implied   | 2 x 33               | RAM32M x 6	 | 
|genericMultistageInterconnectionNetwork | Stage_gen[2].Block_gen[2].Switch_gen[0].Switch_top.st/fifo_lower_1/memory_reg    | Implied   | 2 x 33               | RAM32M x 6	 | 
|genericMultistageInterconnectionNetwork | Stage_gen[2].Block_gen[3].Switch_gen[0].Switch_top.st/fifo_upper_0/memory_reg    | Implied   | 2 x 33               | RAM32M x 6	 | 
|genericMultistageInterconnectionNetwork | Stage_gen[2].Block_gen[3].Switch_gen[0].Switch_top.st/fifo_upper_1/memory_reg    | Implied   | 2 x 33               | RAM32M x 6	 | 
|genericMultistageInterconnectionNetwork | Stage_gen[2].Block_gen[3].Switch_gen[0].Switch_top.st/fifo_lower_0/memory_reg    | Implied   | 2 x 33               | RAM32M x 6	 | 
|genericMultistageInterconnectionNetwork | Stage_gen[2].Block_gen[3].Switch_gen[0].Switch_top.st/fifo_lower_1/memory_reg    | Implied   | 2 x 33               | RAM32M x 6	 | 
+----------------------------------------+----------------------------------------------------------------------------------+-----------+----------------------+-------------+

Note: The table above is a preliminary report that shows the Distributed RAMs at the current stage of the synthesis flow. Some Distributed RAMs may be reimplemented as non Distributed RAM primitives later in the synthesis flow. Multiple instantiated RAMs are reported only once.
---------------------------------------------------------------------------------
Finished ROM, RAM, DSP and Shift Register Reporting
---------------------------------------------------------------------------------
---------------------------------------------------------------------------------
Start Applying XDC Timing Constraints
---------------------------------------------------------------------------------
---------------------------------------------------------------------------------
Finished Applying XDC Timing Constraints : Time (s): cpu = 00:00:51 ; elapsed = 00:07:55 . Memory (MB): peak = 1045.758 ; gain = 29.438
---------------------------------------------------------------------------------
---------------------------------------------------------------------------------
Start Timing Optimization
---------------------------------------------------------------------------------
---------------------------------------------------------------------------------
Finished Timing Optimization : Time (s): cpu = 00:00:55 ; elapsed = 00:07:58 . Memory (MB): peak = 1083.559 ; gain = 67.238
---------------------------------------------------------------------------------
---------------------------------------------------------------------------------
Start ROM, RAM, DSP and Shift Register Reporting
---------------------------------------------------------------------------------

Distributed RAM: Final Mapping	Report
+----------------------------------------+----------------------------------------------------------------------------------+-----------+----------------------+-------------+
|Module Name                             | RTL Object                                                                       | Inference | Size (Depth x Width) | Primitives  | 
+----------------------------------------+----------------------------------------------------------------------------------+-----------+----------------------+-------------+
|genericMultistageInterconnectionNetwork | Stage_gen[0].Block_gen[0].Switch_gen[0].Switch_top.st/fifo_upper_0/memory_reg    | Implied   | 2 x 36               | RAM32M x 6	 | 
|genericMultistageInterconnectionNetwork | Stage_gen[0].Block_gen[0].Switch_gen[0].Switch_top.st/fifo_upper_1/memory_reg    | Implied   | 2 x 36               | RAM32M x 6	 | 
|genericMultistageInterconnectionNetwork | Stage_gen[0].Block_gen[0].Switch_gen[0].Switch_top.st/fifo_lower_0/memory_reg    | Implied   | 2 x 36               | RAM32M x 6	 | 
|genericMultistageInterconnectionNetwork | Stage_gen[0].Block_gen[0].Switch_gen[0].Switch_top.st/fifo_lower_1/memory_reg    | Implied   | 2 x 36               | RAM32M x 6	 | 
|genericMultistageInterconnectionNetwork | Stage_gen[0].Block_gen[0].Switch_gen[1].Switch_top.st/fifo_upper_0/memory_reg    | Implied   | 2 x 36               | RAM32M x 6	 | 
|genericMultistageInterconnectionNetwork | Stage_gen[0].Block_gen[0].Switch_gen[1].Switch_top.st/fifo_upper_1/memory_reg    | Implied   | 2 x 36               | RAM32M x 6	 | 
|genericMultistageInterconnectionNetwork | Stage_gen[0].Block_gen[0].Switch_gen[1].Switch_top.st/fifo_lower_0/memory_reg    | Implied   | 2 x 36               | RAM32M x 6	 | 
|genericMultistageInterconnectionNetwork | Stage_gen[0].Block_gen[0].Switch_gen[1].Switch_top.st/fifo_lower_1/memory_reg    | Implied   | 2 x 36               | RAM32M x 6	 | 
|genericMultistageInterconnectionNetwork | Stage_gen[0].Block_gen[0].Switch_gen[2].Switch_bottom.sb/fifo_upper_0/memory_reg | Implied   | 2 x 36               | RAM32M x 6	 | 
|genericMultistageInterconnectionNetwork | Stage_gen[0].Block_gen[0].Switch_gen[2].Switch_bottom.sb/fifo_upper_1/memory_reg | Implied   | 2 x 36               | RAM32M x 6	 | 
|genericMultistageInterconnectionNetwork | Stage_gen[0].Block_gen[0].Switch_gen[2].Switch_bottom.sb/fifo_lower_0/memory_reg | Implied   | 2 x 36               | RAM32M x 6	 | 
|genericMultistageInterconnectionNetwork | Stage_gen[0].Block_gen[0].Switch_gen[2].Switch_bottom.sb/fifo_lower_1/memory_reg | Implied   | 2 x 36               | RAM32M x 6	 | 
|genericMultistageInterconnectionNetwork | Stage_gen[0].Block_gen[0].Switch_gen[3].Switch_bottom.sb/fifo_upper_0/memory_reg | Implied   | 2 x 36               | RAM32M x 6	 | 
|genericMultistageInterconnectionNetwork | Stage_gen[0].Block_gen[0].Switch_gen[3].Switch_bottom.sb/fifo_upper_1/memory_reg | Implied   | 2 x 36               | RAM32M x 6	 | 
|genericMultistageInterconnectionNetwork | Stage_gen[0].Block_gen[0].Switch_gen[3].Switch_bottom.sb/fifo_lower_0/memory_reg | Implied   | 2 x 36               | RAM32M x 6	 | 
|genericMultistageInterconnectionNetwork | Stage_gen[0].Block_gen[0].Switch_gen[3].Switch_bottom.sb/fifo_lower_1/memory_reg | Implied   | 2 x 36               | RAM32M x 6	 | 
|genericMultistageInterconnectionNetwork | Stage_gen[1].Block_gen[0].Switch_gen[0].Switch_top.st/fifo_upper_0/memory_reg    | Implied   | 2 x 34               | RAM32M x 6	 | 
|genericMultistageInterconnectionNetwork | Stage_gen[1].Block_gen[0].Switch_gen[0].Switch_top.st/fifo_upper_1/memory_reg    | Implied   | 2 x 34               | RAM32M x 6	 | 
|genericMultistageInterconnectionNetwork | Stage_gen[1].Block_gen[0].Switch_gen[0].Switch_top.st/fifo_lower_0/memory_reg    | Implied   | 2 x 34               | RAM32M x 6	 | 
|genericMultistageInterconnectionNetwork | Stage_gen[1].Block_gen[0].Switch_gen[0].Switch_top.st/fifo_lower_1/memory_reg    | Implied   | 2 x 34               | RAM32M x 6	 | 
|genericMultistageInterconnectionNetwork | Stage_gen[1].Block_gen[0].Switch_gen[1].Switch_bottom.sb/fifo_upper_0/memory_reg | Implied   | 2 x 34               | RAM32M x 6	 | 
|genericMultistageInterconnectionNetwork | Stage_gen[1].Block_gen[0].Switch_gen[1].Switch_bottom.sb/fifo_upper_1/memory_reg | Implied   | 2 x 34               | RAM32M x 6	 | 
|genericMultistageInterconnectionNetwork | Stage_gen[1].Block_gen[0].Switch_gen[1].Switch_bottom.sb/fifo_lower_0/memory_reg | Implied   | 2 x 34               | RAM32M x 6	 | 
|genericMultistageInterconnectionNetwork | Stage_gen[1].Block_gen[0].Switch_gen[1].Switch_bottom.sb/fifo_lower_1/memory_reg | Implied   | 2 x 34               | RAM32M x 6	 | 
|genericMultistageInterconnectionNetwork | Stage_gen[1].Block_gen[1].Switch_gen[0].Switch_top.st/fifo_upper_0/memory_reg    | Implied   | 2 x 34               | RAM32M x 6	 | 
|genericMultistageInterconnectionNetwork | Stage_gen[1].Block_gen[1].Switch_gen[0].Switch_top.st/fifo_upper_1/memory_reg    | Implied   | 2 x 34               | RAM32M x 6	 | 
|genericMultistageInterconnectionNetwork | Stage_gen[1].Block_gen[1].Switch_gen[0].Switch_top.st/fifo_lower_0/memory_reg    | Implied   | 2 x 34               | RAM32M x 6	 | 
|genericMultistageInterconnectionNetwork | Stage_gen[1].Block_gen[1].Switch_gen[0].Switch_top.st/fifo_lower_1/memory_reg    | Implied   | 2 x 34               | RAM32M x 6	 | 
|genericMultistageInterconnectionNetwork | Stage_gen[1].Block_gen[1].Switch_gen[1].Switch_bottom.sb/fifo_upper_0/memory_reg | Implied   | 2 x 34               | RAM32M x 6	 | 
|genericMultistageInterconnectionNetwork | Stage_gen[1].Block_gen[1].Switch_gen[1].Switch_bottom.sb/fifo_upper_1/memory_reg | Implied   | 2 x 34               | RAM32M x 6	 | 
|genericMultistageInterconnectionNetwork | Stage_gen[1].Block_gen[1].Switch_gen[1].Switch_bottom.sb/fifo_lower_0/memory_reg | Implied   | 2 x 34               | RAM32M x 6	 | 
|genericMultistageInterconnectionNetwork | Stage_gen[1].Block_gen[1].Switch_gen[1].Switch_bottom.sb/fifo_lower_1/memory_reg | Implied   | 2 x 34               | RAM32M x 6	 | 
|genericMultistageInterconnectionNetwork | Stage_gen[2].Block_gen[0].Switch_gen[0].Switch_top.st/fifo_upper_0/memory_reg    | Implied   | 2 x 33               | RAM32M x 6	 | 
|genericMultistageInterconnectionNetwork | Stage_gen[2].Block_gen[0].Switch_gen[0].Switch_top.st/fifo_upper_1/memory_reg    | Implied   | 2 x 33               | RAM32M x 6	 | 
|genericMultistageInterconnectionNetwork | Stage_gen[2].Block_gen[0].Switch_gen[0].Switch_top.st/fifo_lower_0/memory_reg    | Implied   | 2 x 33               | RAM32M x 6	 | 
|genericMultistageInterconnectionNetwork | Stage_gen[2].Block_gen[0].Switch_gen[0].Switch_top.st/fifo_lower_1/memory_reg    | Implied   | 2 x 33               | RAM32M x 6	 | 
|genericMultistageInterconnectionNetwork | Stage_gen[2].Block_gen[1].Switch_gen[0].Switch_top.st/fifo_upper_0/memory_reg    | Implied   | 2 x 33               | RAM32M x 6	 | 
|genericMultistageInterconnectionNetwork | Stage_gen[2].Block_gen[1].Switch_gen[0].Switch_top.st/fifo_upper_1/memory_reg    | Implied   | 2 x 33               | RAM32M x 6	 | 
|genericMultistageInterconnectionNetwork | Stage_gen[2].Block_gen[1].Switch_gen[0].Switch_top.st/fifo_lower_0/memory_reg    | Implied   | 2 x 33               | RAM32M x 6	 | 
|genericMultistageInterconnectionNetwork | Stage_gen[2].Block_gen[1].Switch_gen[0].Switch_top.st/fifo_lower_1/memory_reg    | Implied   | 2 x 33               | RAM32M x 6	 | 
|genericMultistageInterconnectionNetwork | Stage_gen[2].Block_gen[2].Switch_gen[0].Switch_top.st/fifo_upper_0/memory_reg    | Implied   | 2 x 33               | RAM32M x 6	 | 
|genericMultistageInterconnectionNetwork | Stage_gen[2].Block_gen[2].Switch_gen[0].Switch_top.st/fifo_upper_1/memory_reg    | Implied   | 2 x 33               | RAM32M x 6	 | 
|genericMultistageInterconnectionNetwork | Stage_gen[2].Block_gen[2].Switch_gen[0].Switch_top.st/fifo_lower_0/memory_reg    | Implied   | 2 x 33               | RAM32M x 6	 | 
|genericMultistageInterconnectionNetwork | Stage_gen[2].Block_gen[2].Switch_gen[0].Switch_top.st/fifo_lower_1/memory_reg    | Implied   | 2 x 33               | RAM32M x 6	 | 
|genericMultistageInterconnectionNetwork | Stage_gen[2].Block_gen[3].Switch_gen[0].Switch_top.st/fifo_upper_0/memory_reg    | Implied   | 2 x 33               | RAM32M x 6	 | 
|genericMultistageInterconnectionNetwork | Stage_gen[2].Block_gen[3].Switch_gen[0].Switch_top.st/fifo_upper_1/memory_reg    | Implied   | 2 x 33               | RAM32M x 6	 | 
|genericMultistageInterconnectionNetwork | Stage_gen[2].Block_gen[3].Switch_gen[0].Switch_top.st/fifo_lower_0/memory_reg    | Implied   | 2 x 33               | RAM32M x 6	 | 
|genericMultistageInterconnectionNetwork | Stage_gen[2].Block_gen[3].Switch_gen[0].Switch_top.st/fifo_lower_1/memory_reg    | Implied   | 2 x 33               | RAM32M x 6	 | 
+----------------------------------------+----------------------------------------------------------------------------------+-----------+----------------------+-------------+

---------------------------------------------------------------------------------
Finished ROM, RAM, DSP and Shift Register Reporting
---------------------------------------------------------------------------------
---------------------------------------------------------------------------------
Start Technology Mapping
---------------------------------------------------------------------------------
---------------------------------------------------------------------------------
Finished Technology Mapping : Time (s): cpu = 00:00:58 ; elapsed = 00:08:01 . Memory (MB): peak = 1094.031 ; gain = 77.711
---------------------------------------------------------------------------------
---------------------------------------------------------------------------------
Start IO Insertion
---------------------------------------------------------------------------------
---------------------------------------------------------------------------------
Start Flattening Before IO Insertion
---------------------------------------------------------------------------------
---------------------------------------------------------------------------------
Finished Flattening Before IO Insertion
---------------------------------------------------------------------------------
---------------------------------------------------------------------------------
Start Final Netlist Cleanup
---------------------------------------------------------------------------------
---------------------------------------------------------------------------------
Finished Final Netlist Cleanup
---------------------------------------------------------------------------------
---------------------------------------------------------------------------------
Finished IO Insertion : Time (s): cpu = 00:01:05 ; elapsed = 00:08:09 . Memory (MB): peak = 1099.836 ; gain = 83.516
---------------------------------------------------------------------------------
---------------------------------------------------------------------------------
Start Renaming Generated Instances
---------------------------------------------------------------------------------
---------------------------------------------------------------------------------
Finished Renaming Generated Instances : Time (s): cpu = 00:01:05 ; elapsed = 00:08:09 . Memory (MB): peak = 1099.836 ; gain = 83.516
---------------------------------------------------------------------------------
---------------------------------------------------------------------------------
Start Rebuilding User Hierarchy
---------------------------------------------------------------------------------
---------------------------------------------------------------------------------
Finished Rebuilding User Hierarchy : Time (s): cpu = 00:01:06 ; elapsed = 00:08:09 . Memory (MB): peak = 1099.836 ; gain = 83.516
---------------------------------------------------------------------------------
---------------------------------------------------------------------------------
Start Renaming Generated Ports
---------------------------------------------------------------------------------
---------------------------------------------------------------------------------
Finished Renaming Generated Ports : Time (s): cpu = 00:01:06 ; elapsed = 00:08:10 . Memory (MB): peak = 1099.836 ; gain = 83.516
---------------------------------------------------------------------------------
---------------------------------------------------------------------------------
Start Handling Custom Attributes
---------------------------------------------------------------------------------
---------------------------------------------------------------------------------
Finished Handling Custom Attributes : Time (s): cpu = 00:01:06 ; elapsed = 00:08:10 . Memory (MB): peak = 1099.836 ; gain = 83.516
---------------------------------------------------------------------------------
---------------------------------------------------------------------------------
Start Renaming Generated Nets
---------------------------------------------------------------------------------
---------------------------------------------------------------------------------
Finished Renaming Generated Nets : Time (s): cpu = 00:01:06 ; elapsed = 00:08:10 . Memory (MB): peak = 1099.836 ; gain = 83.516
---------------------------------------------------------------------------------
---------------------------------------------------------------------------------
Start Writing Synthesis Report
---------------------------------------------------------------------------------

Report BlackBoxes: 
+-+--------------+----------+
| |BlackBox name |Instances |
+-+--------------+----------+
+-+--------------+----------+

Report Cell Usage: 
+------+-------+------+
|      |Cell   |Count |
+------+-------+------+
|1     |BUFG   |     1|
|2     |LUT4   |   264|
|3     |LUT5   |   952|
|4     |LUT6   |    88|
|5     |RAM32M |   288|
|6     |FDRE   |  1896|
|7     |FDSE   |    24|
|8     |IBUF   |   338|
|9     |OBUF   |   272|
+------+-------+------+
---------------------------------------------------------------------------------
Finished Writing Synthesis Report : Time (s): cpu = 00:01:06 ; elapsed = 00:08:10 . Memory (MB): peak = 1099.836 ; gain = 83.516
---------------------------------------------------------------------------------
Synthesis finished with 0 errors, 0 critical warnings and 0 warnings.
Synthesis Optimization Runtime : Time (s): cpu = 00:00:50 ; elapsed = 00:08:04 . Memory (MB): peak = 1099.836 ; gain = 54.078
Synthesis Optimization Complete : Time (s): cpu = 00:01:06 ; elapsed = 00:08:10 . Memory (MB): peak = 1099.836 ; gain = 83.516
INFO: [Project 1-571] Translating synthesized netlist
Netlist sorting complete. Time (s): cpu = 00:00:00 ; elapsed = 00:00:00.208 . Memory (MB): peak = 1111.914 ; gain = 0.000
INFO: [Netlist 29-17] Analyzing 288 Unisim elements for replacement
INFO: [Netlist 29-28] Unisim Transformation completed in 1 CPU seconds
INFO: [Project 1-570] Preparing netlist for logic optimization
Parsing XDC File [C:/My_Designs/UPIR/design/src/basys3_constraints.xdc]
Finished Parsing XDC File [C:/My_Designs/UPIR/design/src/basys3_constraints.xdc]
INFO: [Opt 31-138] Pushed 0 inverter(s) to 0 load pin(s).
Netlist sorting complete. Time (s): cpu = 00:00:00 ; elapsed = 00:00:00.004 . Memory (MB): peak = 1111.914 ; gain = 0.000
INFO: [Project 1-111] Unisim Transformation Summary:
  A total of 288 instances were transformed.
  RAM32M => RAM32M (RAMD32(x6), RAMS32(x2)): 288 instances

INFO: [Common 17-83] Releasing license: Synthesis
41 Infos, 0 Warnings, 0 Critical Warnings and 0 Errors encountered.
synth_design completed successfully
synth_design: Time (s): cpu = 00:01:19 ; elapsed = 00:08:38 . Memory (MB): peak = 1111.914 ; gain = 95.594
# report_utilization -file ./reports/utilization_8_32_32.txt
# report_timing_summary -file ./reports/utilization_8_32_32_timing.txt
INFO: [Timing 38-35] Done setting XDC timing constraints.
INFO: [Timing 38-91] UpdateTimingParams: Speed grade: -1, Delay Type: min_max.
INFO: [Timing 38-191] Multithreading enabled for timing update using a maximum of 2 CPUs
report_timing_summary: Time (s): cpu = 00:00:08 ; elapsed = 00:00:06 . Memory (MB): peak = 1395.824 ; gain = 283.910
Vivado% 